0 info it worked if it ends with ok
1 verbose cli [ 'node',
1 verbose cli   '/usr/local/bin/npm',
1 verbose cli   'install',
1 verbose cli   'http://code.jquery.com/jquery-2.2.1.min.js' ]
2 info using npm@3.3.3
3 info using node@v0.12.7
4 silly loadCurrentTree Starting
5 silly install loadCurrentTree
6 silly install readLocalPackageData
7 silly fetchPackageMetaData http://code.jquery.com/jquery-2.2.1.min.js
8 silly fetchOtherPackageData http://code.jquery.com/jquery-2.2.1.min.js
9 silly cache add args [ 'http://code.jquery.com/jquery-2.2.1.min.js', null ]
10 verbose cache add spec http://code.jquery.com/jquery-2.2.1.min.js
11 silly cache add parsed spec { raw: 'http://code.jquery.com/jquery-2.2.1.min.js',
11 silly cache add   scope: null,
11 silly cache add   name: null,
11 silly cache add   rawSpec: 'http://code.jquery.com/jquery-2.2.1.min.js',
11 silly cache add   spec: 'http://code.jquery.com/jquery-2.2.1.min.js',
11 silly cache add   type: 'remote' }
12 silly mapToRegistry name http://code.jquery.com/jquery-2.2.1.min.js
13 silly mapToRegistry using default registry
14 silly mapToRegistry registry https://registry.npmjs.org/
15 silly mapToRegistry uri http://code.jquery.com/jquery-2.2.1.min.js
16 verbose addRemoteTarball http://code.jquery.com/jquery-2.2.1.min.js not in flight; adding
17 verbose addRemoteTarball [ 'http://code.jquery.com/jquery-2.2.1.min.js', null ]
18 info retry fetch attempt 1 at 16:07:39
19 info attempt registry request try #1 at 16:07:39
20 http fetch GET http://code.jquery.com/jquery-2.2.1.min.js
21 verbose request id 2d7429b38247bb25
22 http fetch 200 http://code.jquery.com/jquery-2.2.1.min.js
23 silly fetchAndShaCheck shasum 7cb05e3d551cd61439337b2cb22f49b1955f9711
24 verbose addTmpTarball /var/folders/hq/5yvfftgn11j93m8mxzg4v9xh0000gn/T/npm-20684-64b51ee2/code.jquery.com/jquery-2.2.1.min.js not in flight; adding
25 verbose addTmpTarball validating metadata from /var/folders/hq/5yvfftgn11j93m8mxzg4v9xh0000gn/T/npm-20684-64b51ee2/code.jquery.com/jquery-2.2.1.min.js
26 verbose tar unpack /var/folders/hq/5yvfftgn11j93m8mxzg4v9xh0000gn/T/npm-20684-64b51ee2/code.jquery.com/jquery-2.2.1.min.js
27 verbose tar unpacking to /var/folders/hq/5yvfftgn11j93m8mxzg4v9xh0000gn/T/npm-20684-64b51ee2/unpack-f9ec3be8a16426eb4d76d0e6d6d2007c
28 silly gentlyRm /var/folders/hq/5yvfftgn11j93m8mxzg4v9xh0000gn/T/npm-20684-64b51ee2/unpack-f9ec3be8a16426eb4d76d0e6d6d2007c is being purged
29 verbose gentlyRm don't care about contents; nuking /var/folders/hq/5yvfftgn11j93m8mxzg4v9xh0000gn/T/npm-20684-64b51ee2/unpack-f9ec3be8a16426eb4d76d0e6d6d2007c
30 silly gunzTarPerm modes [ '755', '644' ]
31 error not a package /var/folders/hq/5yvfftgn11j93m8mxzg4v9xh0000gn/T/npm-20684-64b51ee2/code.jquery.com/jquery-2.2.1.min.js
32 silly fetchPackageMetaData Error: ENOENT, open '/var/folders/hq/5yvfftgn11j93m8mxzg4v9xh0000gn/T/npm-20684-64b51ee2/unpack-f9ec3be8a16426eb4d76d0e6d6d2007c/package.json'
32 silly fetchPackageMetaData     at Error (native)
32 silly fetchPackageMetaData  error for http://code.jquery.com/jquery-2.2.1.min.js { [Error: ENOENT, open '/var/folders/hq/5yvfftgn11j93m8mxzg4v9xh0000gn/T/npm-20684-64b51ee2/unpack-f9ec3be8a16426eb4d76d0e6d6d2007c/package.json']
32 silly fetchPackageMetaData   errno: -2,
32 silly fetchPackageMetaData   code: 'ENOENT',
32 silly fetchPackageMetaData   path: '/var/folders/hq/5yvfftgn11j93m8mxzg4v9xh0000gn/T/npm-20684-64b51ee2/unpack-f9ec3be8a16426eb4d76d0e6d6d2007c/package.json' }
33 silly rollbackFailedOptional Starting
34 silly rollbackFailedOptional Finishing
35 silly runTopLevelLifecycles Starting
36 silly runTopLevelLifecycles Finishing
37 silly install printInstalled
38 verbose stack Error: ENOENT, open '/var/folders/hq/5yvfftgn11j93m8mxzg4v9xh0000gn/T/npm-20684-64b51ee2/unpack-f9ec3be8a16426eb4d76d0e6d6d2007c/package.json'
38 verbose stack     at Error (native)
39 verbose cwd /Users/frederikmainz/Desktop/KEA/4_Semester/AngularJs/Mk-Diamonds
40 error Darwin 13.4.0
41 error argv "node" "/usr/local/bin/npm" "install" "http://code.jquery.com/jquery-2.2.1.min.js"
42 error node v0.12.7
43 error npm  v3.3.3
44 error path /var/folders/hq/5yvfftgn11j93m8mxzg4v9xh0000gn/T/npm-20684-64b51ee2/unpack-f9ec3be8a16426eb4d76d0e6d6d2007c/package.json
45 error code ENOENT
46 error errno -2
47 error enoent ENOENT, open '/var/folders/hq/5yvfftgn11j93m8mxzg4v9xh0000gn/T/npm-20684-64b51ee2/unpack-f9ec3be8a16426eb4d76d0e6d6d2007c/package.json'
47 error enoent This is most likely not a problem with npm itself
47 error enoent and is related to npm not being able to find a file.
48 verbose exit [ -2, true ]
